<?xml version="1.0" encoding="UTF-8"?>
<testng-results skipped="0" failed="0" ignored="0" total="1" passed="1">
  <reporter-output>
  </reporter-output>
  <suite name="Default suite" duration-ms="26" started-at="2018-04-29T16:24:19Z" finished-at="2018-04-29T16:24:19Z">
    <groups>
    </groups>
    <test name="Default test" duration-ms="26" started-at="2018-04-29T16:24:19Z" finished-at="2018-04-29T16:24:19Z">
      <class name="testing.Demo1">
        <test-method status="PASS" signature="login()[pri:0, instance:testing.Demo1@5034c75a]" name="login" duration-ms="8" started-at="2018-04-29T12:24:19Z" finished-at="2018-04-29T12:24:19Z">
          <reporter-output>
          </reporter-output>
        </test-method> <!-- login -->
      </class> <!-- testing.Demo1 -->
    </test> <!-- Default test -->
  </suite> <!-- Default suite -->
</testng-results>
